<?xml version="1.0" encoding="UTF-8"?>
<testsuite name="net.thucydides.showcase.cucumber.SearchWiki" time="5.421" tests="5" errors="0" skipped="0" failures="0">
  <properties>
[...]
</properties>
  <testcase name="Given i have naviaged to wikiPage" classname="Scenario: Search item in wiki page" time="0.002"/>
  <testcase name="When i enter &apos;apple&apos; in search box" classname="Scenario: Search item in wiki page" time="0"/>
  <testcase name="And i click on the search button" classname="Scenario: Search item in wiki page" time="0"/>
  <testcase name="Then i should see the title with &apos;Apple&apos;" classname="Scenario: Search item in wiki page" time="0.001"/>
  <testcase name="Scenario: Search item in wiki page" classname="Scenario: Search item in wiki page" time="5.418"/>
</testsuite>